2025-06-24 21:42:42,363 - INFO - Scraping https://www.w3.org/standards/semanticweb/ontology
2025-06-24 21:42:42,523 - INFO - Found 0 potential ontology links on https://www.w3.org/standards/semanticweb/ontology
2025-06-24 21:42:43,531 - INFO - Scraping https://bioportal.bioontology.org/
2025-06-24 21:42:43,643 - ERROR - Failed to fetch https://bioportal.bioontology.org/: 403 Client Error: Forbidden for url: https://bioportal.bioontology.org/
2025-06-24 21:42:44,644 - INFO - Scraping http://www.obofoundry.org/
2025-06-24 21:42:45,039 - INFO - Found 272 potential ontology links on http://www.obofoundry.org/
2025-06-24 21:42:46,051 - INFO - Scraping https://lov.linkeddata.es/dataset/lov/
2025-06-24 21:42:47,662 - INFO - Found 12 potential ontology links on https://lov.linkeddata.es/dataset/lov/
2025-06-24 21:42:48,671 - INFO - Scraping https://datahub.io/
2025-06-24 21:42:49,055 - INFO - Found 0 potential ontology links on https://datahub.io/
2025-06-24 21:42:50,063 - INFO - Scraping https://www.w3.org/TR/owl-guide/https://www.ebi.ac.uk/ols4/downloadshttps://www.github.com
2025-06-24 21:42:50,173 - ERROR - Failed to fetch https://www.w3.org/TR/owl-guide/https://www.ebi.ac.uk/ols4/downloadshttps://www.github.com: 400 Client Error: Bad Request for url: https://www.w3.org/TR/owl-guide/https://www.ebi.ac.uk/ols4/downloadshttps://www.github.com
2025-06-24 21:42:51,186 - INFO - Found 278 unique download links
2025-06-24 21:42:51,186 - INFO - Attempting to download: http://www.obofoundry.org/
2025-06-24 21:42:51,342 - INFO - Successfully downloaded: obofoundry.org_20250624_214251 (0.8MB)
2025-06-24 21:42:51,361 - INFO - File hash (MD5): d87059ba8a2ba6067114a581e857b167
2025-06-24 21:42:51,873 - INFO - Attempting to download: http://purl.obolibrary.org/meta/ontologies.yml
2025-06-24 21:42:52,316 - INFO - Successfully downloaded: ontologies.yml (0.4MB)
2025-06-24 21:42:52,323 - INFO - File hash (MD5): f7ba51a9face227d8b8507119548fa75
2025-06-24 21:42:52,825 - INFO - Attempting to download: http://purl.obolibrary.org/meta/ontologies.jsonld
2025-06-24 21:42:53,083 - INFO - Successfully downloaded: ontologies.jsonld (0.6MB)
2025-06-24 21:42:53,087 - INFO - File hash (MD5): de3b9598ee934ddfb0081d217ca02729
2025-06-24 21:42:53,594 - INFO - Attempting to download: http://purl.obolibrary.org/meta/ontologies.ttl
2025-06-24 21:42:53,595 - INFO - File already exists: ontologies.ttl
2025-06-24 21:42:54,100 - INFO - Attempting to download: http://www.obofoundry.org/citation/KnownPublications.html
2025-06-24 21:42:54,232 - INFO - Successfully downloaded: KnownPublications.html (0.1MB)
2025-06-24 21:42:54,235 - INFO - File hash (MD5): 06b884417e17ffa369e5678fcc299c2e
2025-06-24 21:42:54,746 - INFO - Attempting to download: http://www.obofoundry.org/faq/how-do-i-register-my-ontology.html
2025-06-24 21:42:54,869 - INFO - Successfully downloaded: how-do-i-register-my-ontology.html (0.0MB)
2025-06-24 21:42:54,875 - INFO - File hash (MD5): 159ddc1f97dbfd3fa45d57a3d21de046
2025-06-24 21:42:55,379 - INFO - Attempting to download: http://www.obofoundry.org/resources
2025-06-24 21:42:55,529 - INFO - Successfully downloaded: obofoundry.org_20250624_214255 (0.0MB)
2025-06-24 21:42:55,532 - INFO - File hash (MD5): 1f59d1f28ddde853c68a8bee00d703d2
2025-06-24 21:42:56,044 - INFO - Attempting to download: http://www.obofoundry.org/registry/ontologies.ttl
2025-06-24 21:42:56,044 - INFO - File already exists: ontologies.ttl
2025-06-24 21:42:56,558 - INFO - Attempting to download: http://purl.obolibrary.org/obo/ado.owl
2025-06-24 21:42:57,129 - INFO - Successfully downloaded: ado.owl (5.2MB)
2025-06-24 21:42:57,165 - INFO - File hash (MD5): 606554c44146d2430fbe0d88da60cf73
2025-06-24 21:42:57,671 - INFO - Attempting to download: http://purl.obolibrary.org/obo/afpo.owl
2025-06-24 21:42:58,013 - INFO - Successfully downloaded: afpo.owl (1.3MB)
2025-06-24 21:42:58,036 - INFO - File hash (MD5): 5d056a827bd26e4f879c4ae8d195f871
2025-06-24 21:42:58,551 - INFO - Attempting to download: http://purl.obolibrary.org/obo/agro.owl
2025-06-24 21:42:59,027 - INFO - Successfully downloaded: agro.owl (7.2MB)
2025-06-24 21:42:59,082 - INFO - File hash (MD5): 7acfc7cd3e299d8a4b358d03b3d8f567
2025-06-24 21:42:59,596 - INFO - Attempting to download: http://purl.obolibrary.org/obo/aism.owl
2025-06-24 21:43:00,685 - INFO - Successfully downloaded: aism.owl (28.9MB)
2025-06-24 21:43:00,755 - INFO - File hash (MD5): ca0209ef0f4950ea3f2c815b4cfc70bf
2025-06-24 21:43:01,263 - INFO - Attempting to download: http://purl.obolibrary.org/obo/amphx.owl
2025-06-24 21:43:01,512 - INFO - Successfully downloaded: amphx.owl (0.6MB)
2025-06-24 21:43:01,532 - INFO - File hash (MD5): 8da7464b67301beee8a20ed4a4215a37
2025-06-24 21:43:02,044 - INFO - Attempting to download: http://purl.obolibrary.org/obo/apo.owl
2025-06-24 21:43:02,530 - INFO - Successfully downloaded: apo.owl (0.7MB)
2025-06-24 21:43:02,552 - INFO - File hash (MD5): 25aa594aa4cad4b35d8195836d2eb12f
2025-06-24 21:43:03,062 - INFO - Attempting to download: http://purl.obolibrary.org/obo/apollo_sv.owl
2025-06-24 21:43:03,259 - INFO - Successfully downloaded: apollo_sv.owl (2.6MB)
2025-06-24 21:43:03,284 - INFO - File hash (MD5): f2cb8d3da33e50005bdd05bff79fdb36
2025-06-24 21:43:03,786 - INFO - Attempting to download: http://purl.obolibrary.org/obo/aro.owl
2025-06-24 21:43:04,551 - INFO - Successfully downloaded: aro.owl (17.4MB)
2025-06-24 21:43:04,577 - INFO - File hash (MD5): 511f4c94faa4995864e20238cf2afc49
2025-06-24 21:43:05,078 - INFO - Attempting to download: http://purl.obolibrary.org/obo/bco.owl
2025-06-24 21:43:05,439 - INFO - Successfully downloaded: bco.owl (0.9MB)
2025-06-24 21:43:05,477 - INFO - File hash (MD5): 75a0edb975d0954c16269bde4263203b
2025-06-24 21:43:05,985 - INFO - Attempting to download: http://purl.obolibrary.org/obo/bfo.owl
2025-06-24 21:43:06,231 - INFO - Successfully downloaded: bfo.owl (0.2MB)
2025-06-24 21:43:06,240 - INFO - File hash (MD5): 738838092081290736ec3a1485cd07cb
2025-06-24 21:43:06,747 - INFO - Attempting to download: http://purl.obolibrary.org/obo/bmont.owl
2025-06-24 21:43:07,024 - ERROR - Failed to download http://purl.obolibrary.org/obo/bmont.owl: 404 Client Error: Not Found for url: https://raw.githubusercontent.com/SCAI-BIO/BiomarkerOntology/main/BMONT-merged.owl
2025-06-24 21:43:07,535 - INFO - Attempting to download: http://purl.obolibrary.org/obo/bspo.owl
2025-06-24 21:43:07,788 - INFO - Successfully downloaded: bspo.owl (0.6MB)
2025-06-24 21:43:07,804 - INFO - File hash (MD5): e81b08fb6d9f221e321de5391f856abd
2025-06-24 21:43:08,319 - INFO - Attempting to download: http://purl.obolibrary.org/obo/bto.owl
2025-06-24 21:43:08,866 - INFO - Successfully downloaded: bto.owl (10.2MB)
2025-06-24 21:43:08,905 - INFO - File hash (MD5): bace9597267f0b286b58d4b5c2039f55
2025-06-24 21:43:09,418 - INFO - Attempting to download: http://purl.obolibrary.org/obo/caro.owl
2025-06-24 21:43:09,870 - INFO - Successfully downloaded: caro.owl (9.2MB)
2025-06-24 21:43:09,911 - INFO - File hash (MD5): 6fcf2fe3754015c90eb1b02386ab2e10
2025-06-24 21:43:10,423 - INFO - Attempting to download: http://purl.obolibrary.org/obo/cdao.owl
2025-06-24 21:43:10,667 - INFO - Successfully downloaded: cdao.owl (0.1MB)
2025-06-24 21:43:10,675 - INFO - File hash (MD5): cf39b396dadfec88a973fac986445fa3
2025-06-24 21:43:11,178 - INFO - Attempting to download: http://purl.obolibrary.org/obo/cdno.owl
2025-06-24 21:43:11,661 - INFO - Successfully downloaded: cdno.owl (9.2MB)
2025-06-24 21:43:11,716 - INFO - File hash (MD5): 58ee4992d89fbb465f943b6ea15d8d45
2025-06-24 21:43:12,228 - INFO - Attempting to download: http://purl.obolibrary.org/obo/chebi.owl
2025-06-24 21:44:43,079 - WARNING - File too large for Git (783.4MB > 100.0MB): chebi.owl
2025-06-24 21:44:43,083 - INFO - Added chebi.owl to .gitignore
2025-06-24 21:44:43,084 - INFO - Successfully downloaded: chebi.owl (783.4MB)
2025-06-24 21:44:45,405 - INFO - File hash (MD5): 4373dc573428e90e6ef8c2c046638df6
2025-06-24 21:44:45,918 - INFO - Attempting to download: http://purl.obolibrary.org/obo/cheminf.owl
2025-06-24 21:44:46,126 - INFO - Successfully downloaded: cheminf.owl (0.3MB)
2025-06-24 21:44:46,134 - INFO - File hash (MD5): e2a8909ffd3d0d37f327b2b9ca114672
2025-06-24 21:44:46,649 - INFO - Attempting to download: http://purl.obolibrary.org/obo/chiro.owl
2025-06-24 21:44:46,923 - INFO - Successfully downloaded: chiro.owl (0.2MB)
2025-06-24 21:44:46,932 - INFO - File hash (MD5): d640f798cf915ced4ddd12aa7a939d98
2025-06-24 21:44:47,439 - INFO - Attempting to download: http://purl.obolibrary.org/obo/chmo.owl
2025-06-24 21:44:47,824 - INFO - Successfully downloaded: chmo.owl (5.2MB)
2025-06-24 21:44:47,863 - INFO - File hash (MD5): 4d1bb6367240711fbdc030e55e60c957
2025-06-24 21:44:48,373 - INFO - Attempting to download: http://purl.obolibrary.org/obo/cido.owl
2025-06-24 21:44:49,976 - INFO - Successfully downloaded: cido.owl (44.8MB)
2025-06-24 21:44:50,160 - INFO - File hash (MD5): 5d7a3e23e9d660967b8699808d8eb173
2025-06-24 21:44:50,674 - INFO - Attempting to download: http://purl.obolibrary.org/obo/cio.owl
2025-06-24 21:44:50,929 - INFO - Successfully downloaded: cio.owl (0.1MB)
2025-06-24 21:44:50,934 - INFO - File hash (MD5): a3b4298bc3444e8770ae3ad2703c9a7d
2025-06-24 21:44:51,436 - INFO - Attempting to download: http://purl.obolibrary.org/obo/cl.owl
2025-06-24 21:44:53,890 - INFO - Successfully downloaded: cl.owl (55.6MB)
2025-06-24 21:44:54,108 - INFO - File hash (MD5): 71a5ca196d352d20e61100ef912a2ee3
2025-06-24 21:44:54,620 - INFO - Attempting to download: http://purl.obolibrary.org/obo/clao.owl
2025-06-24 21:44:54,905 - INFO - Successfully downloaded: clao.owl (1.7MB)
2025-06-24 21:44:54,961 - INFO - File hash (MD5): 99c04b1e9d00640957ebcd96bb020c23
2025-06-24 21:44:55,464 - INFO - Attempting to download: http://purl.obolibrary.org/obo/clo.owl
2025-06-24 21:44:56,895 - INFO - Successfully downloaded: clo.owl (41.4MB)
2025-06-24 21:44:57,014 - INFO - File hash (MD5): 428ce2f42b5cd63c9a121d35f5dcdcaa
2025-06-24 21:44:57,523 - INFO - Attempting to download: http://purl.obolibrary.org/obo/clyh.owl
2025-06-24 21:44:57,719 - INFO - Successfully downloaded: clyh.owl (0.3MB)
2025-06-24 21:44:57,727 - INFO - File hash (MD5): 3f6dcba5ce39635cb45cc5fbfaee3c91
2025-06-24 21:44:58,243 - INFO - Attempting to download: http://purl.obolibrary.org/obo/cmo.owl
2025-06-24 21:44:59,315 - INFO - Successfully downloaded: cmo.owl (8.7MB)
2025-06-24 21:44:59,358 - INFO - File hash (MD5): b90e161626693f2ff7461608a071c00f
2025-06-24 21:44:59,868 - INFO - Attempting to download: http://purl.obolibrary.org/obo/cob.owl
2025-06-24 21:45:00,081 - INFO - Successfully downloaded: cob.owl (0.1MB)
2025-06-24 21:45:00,084 - INFO - File hash (MD5): 2aaf4e2669edfa96c0ba2db240837ae9
2025-06-24 21:45:00,591 - INFO - Attempting to download: http://purl.obolibrary.org/obo/colao.owl
2025-06-24 21:45:00,986 - INFO - Successfully downloaded: colao.owl (3.1MB)
2025-06-24 21:45:01,032 - INFO - File hash (MD5): 1d27f6034af73110a43eb5bedd2c7f42
2025-06-24 21:45:01,544 - INFO - Attempting to download: http://purl.obolibrary.org/obo/cro.owl
2025-06-24 21:45:01,818 - INFO - Successfully downloaded: cro.owl (0.1MB)
2025-06-24 21:45:01,824 - INFO - File hash (MD5): 0ee9b321e6f69fcf1428ec7ccda6ad65
2025-06-24 21:45:02,335 - INFO - Attempting to download: http://purl.obolibrary.org/obo/cteno.owl
2025-06-24 21:45:02,552 - INFO - Successfully downloaded: cteno.owl (0.3MB)
2025-06-24 21:45:02,562 - INFO - File hash (MD5): 94d13aabf97c2086624d26c5944086ff
2025-06-24 21:45:03,075 - INFO - Attempting to download: http://purl.obolibrary.org/obo/cto.owl
2025-06-24 21:45:03,343 - INFO - Successfully downloaded: cto.owl (1.0MB)
2025-06-24 21:45:03,355 - INFO - File hash (MD5): 5dc0f3ca86ebbdba22063a4190aaa6b9
2025-06-24 21:45:03,869 - INFO - Attempting to download: http://purl.obolibrary.org/obo/cvdo.owl
2025-06-24 21:45:04,176 - INFO - Successfully downloaded: cvdo.owl (1.3MB)
2025-06-24 21:45:04,213 - INFO - File hash (MD5): a438ce85dee30bb849ccbae3b006ef9e
2025-06-24 21:45:04,721 - INFO - Attempting to download: http://purl.obolibrary.org/obo/ddanat.owl
2025-06-24 21:45:04,982 - INFO - Successfully downloaded: ddanat.owl (0.3MB)
2025-06-24 21:45:04,991 - INFO - File hash (MD5): 15a1ae902a76a1d07b41decde76cfb7e
2025-06-24 21:45:05,494 - INFO - Attempting to download: http://purl.obolibrary.org/obo/ddpheno.owl
2025-06-24 21:45:05,741 - INFO - Successfully downloaded: ddpheno.owl (1.4MB)
2025-06-24 21:45:05,780 - INFO - File hash (MD5): 8969d7806a9a8139423be12dce150692
2025-06-24 21:45:06,284 - INFO - Attempting to download: http://purl.obolibrary.org/obo/dideo.owl
2025-06-24 21:45:06,632 - INFO - Successfully downloaded: dideo.owl (0.9MB)
2025-06-24 21:45:06,656 - INFO - File hash (MD5): 6c46f23a16bc7e6058fb7a4241b2e35b
2025-06-24 21:45:07,162 - INFO - Attempting to download: http://purl.obolibrary.org/obo/disdriv.owl
2025-06-24 21:45:07,380 - INFO - Successfully downloaded: disdriv.owl (0.1MB)
2025-06-24 21:45:07,393 - INFO - File hash (MD5): d0b56f6e00ae8ab5023c5b2401af8ce6
2025-06-24 21:45:07,897 - INFO - Attempting to download: http://purl.obolibrary.org/obo/doid.owl
2025-06-24 21:45:08,909 - INFO - Successfully downloaded: doid.owl (26.2MB)
2025-06-24 21:45:08,996 - INFO - File hash (MD5): c1c7d6bf019c9939aa01df4811d767bb
2025-06-24 21:45:09,506 - INFO - Attempting to download: http://purl.obolibrary.org/obo/dpo.owl
2025-06-24 21:45:10,059 - INFO - Successfully downloaded: dpo.owl (3.5MB)
2025-06-24 21:45:10,155 - INFO - File hash (MD5): 63f8e8448e387fb963003b479153daff
2025-06-24 21:45:10,662 - INFO - Attempting to download: http://purl.obolibrary.org/obo/dron.owl
2025-06-24 21:45:38,188 - WARNING - File too large for Git (676.3MB > 100.0MB): dron.owl
2025-06-24 21:45:38,193 - INFO - Added dron.owl to .gitignore
2025-06-24 21:45:38,194 - INFO - Successfully downloaded: dron.owl (676.3MB)
2025-06-24 21:45:40,129 - INFO - File hash (MD5): 22ca8067086439486773767ca4815f01
2025-06-24 21:45:40,644 - INFO - Attempting to download: http://purl.obolibrary.org/obo/duo.owl
2025-06-24 21:45:40,907 - INFO - Successfully downloaded: duo.owl (0.1MB)
2025-06-24 21:45:40,911 - INFO - File hash (MD5): b150506aa3a0fece85eef888f09c0388
2025-06-24 21:45:41,416 - INFO - Attempting to download: http://purl.obolibrary.org/obo/ecao.owl
2025-06-24 21:45:42,319 - INFO - Successfully downloaded: ecao.owl (24.4MB)
2025-06-24 21:45:42,424 - INFO - File hash (MD5): d6c649a38409bcea6b75f0b181653cf5
2025-06-24 21:45:42,935 - INFO - Attempting to download: http://purl.obolibrary.org/obo/eco.owl
2025-06-24 21:45:43,360 - INFO - Successfully downloaded: eco.owl (7.2MB)
2025-06-24 21:45:43,424 - INFO - File hash (MD5): 483652028ebb0a0a9bdd82bb29a4183f
2025-06-24 21:45:43,931 - INFO - Attempting to download: http://purl.obolibrary.org/obo/ecocore.owl
2025-06-24 21:45:44,883 - INFO - Successfully downloaded: ecocore.owl (19.7MB)
2025-06-24 21:45:44,982 - INFO - File hash (MD5): 65b8d1060354f44ddc35b591485c368c
2025-06-24 21:45:45,493 - INFO - Attempting to download: http://purl.obolibrary.org/obo/ecto.owl
2025-06-24 21:45:46,933 - INFO - Successfully downloaded: ecto.owl (38.2MB)
2025-06-24 21:45:47,065 - INFO - File hash (MD5): 14d078ec1ec8a6cf1bdaf7c0bba2aa7d
2025-06-24 21:45:47,577 - INFO - Attempting to download: http://purl.obolibrary.org/obo/emapa.owl
2025-06-24 21:45:48,041 - INFO - Successfully downloaded: emapa.owl (10.3MB)
2025-06-24 21:45:48,111 - INFO - File hash (MD5): 698859e04675c133bec583e24db06c9d
2025-06-24 21:45:48,627 - INFO - Attempting to download: http://purl.obolibrary.org/obo/envo.owl
2025-06-24 21:45:49,254 - INFO - Successfully downloaded: envo.owl (9.4MB)
2025-06-24 21:45:49,303 - INFO - File hash (MD5): ca198fe674093fcae936d9e308f99270
2025-06-24 21:45:49,812 - INFO - Attempting to download: http://purl.obolibrary.org/obo/epio.owl
2025-06-24 21:45:50,275 - INFO - Successfully downloaded: epio.owl (3.1MB)
2025-06-24 21:45:50,308 - INFO - File hash (MD5): 34876cf99fbb5d7a831ddc86f0d0d93e
2025-06-24 21:45:50,814 - INFO - Attempting to download: http://purl.obolibrary.org/obo/exo.owl
2025-06-24 21:45:51,231 - INFO - Successfully downloaded: exo.owl (0.2MB)
2025-06-24 21:45:51,239 - INFO - File hash (MD5): 81ca167a41f19ab5fbf8b592f5a1ad01
2025-06-24 21:45:51,745 - INFO - Attempting to download: http://purl.obolibrary.org/obo/fao.owl
2025-06-24 21:45:52,004 - INFO - Successfully downloaded: fao.owl (0.2MB)
2025-06-24 21:45:52,019 - INFO - File hash (MD5): 7484178e9244528982598c717ff00236
2025-06-24 21:45:52,531 - INFO - Attempting to download: http://purl.obolibrary.org/obo/fbbt.owl
2025-06-24 21:45:57,016 - WARNING - File too large for Git (115.4MB > 100.0MB): fbbt.owl
2025-06-24 21:45:57,020 - INFO - Added fbbt.owl to .gitignore
2025-06-24 21:45:57,021 - INFO - Successfully downloaded: fbbt.owl (115.4MB)
2025-06-24 21:45:57,415 - INFO - File hash (MD5): 489bf767f825d287cfcb78bd56ac648a
2025-06-24 21:45:57,924 - INFO - Attempting to download: http://purl.obolibrary.org/obo/fbcv.owl
2025-06-24 21:45:58,560 - INFO - Successfully downloaded: fbcv.owl (4.1MB)
2025-06-24 21:45:58,610 - INFO - File hash (MD5): acdec6ed57f781730f6d6f17511e07b1
2025-06-24 21:45:59,118 - INFO - Attempting to download: http://purl.obolibrary.org/obo/fbdv.owl
2025-06-24 21:45:59,554 - INFO - Successfully downloaded: fbdv.owl (0.5MB)
2025-06-24 21:45:59,569 - INFO - File hash (MD5): d26a3e006132f7f61a90b0b2f0aba982
2025-06-24 21:46:00,084 - INFO - Attempting to download: http://purl.obolibrary.org/obo/fideo.owl
2025-06-24 21:46:01,055 - INFO - Successfully downloaded: fideo.owl (3.1MB)
2025-06-24 21:46:01,113 - INFO - File hash (MD5): 25027cebce402117213f8ae2517b48f9
2025-06-24 21:46:01,621 - INFO - Attempting to download: http://purl.obolibrary.org/obo/flopo.owl
2025-06-24 21:46:02,687 - INFO - Successfully downloaded: flopo.owl (25.8MB)
2025-06-24 21:46:02,781 - INFO - File hash (MD5): b93ed5e841a68be02c4f5ef40d923fd2
2025-06-24 21:46:03,290 - INFO - Attempting to download: http://purl.obolibrary.org/obo/fobi.owl
2025-06-24 21:46:03,620 - INFO - Successfully downloaded: fobi.owl (2.4MB)
2025-06-24 21:46:03,673 - INFO - File hash (MD5): 894f2bbe2c41f1ac47e92e24b94d14dc
2025-06-24 21:46:04,187 - INFO - Attempting to download: http://purl.obolibrary.org/obo/foodon.owl
2025-06-24 21:46:04,643 - INFO - Successfully downloaded: foodon.owl (40.2MB)
2025-06-24 21:46:04,818 - INFO - File hash (MD5): 1047134defad586d8afe94965238c827
2025-06-24 21:46:05,333 - INFO - Attempting to download: http://purl.obolibrary.org/obo/fovt.owl
2025-06-24 21:46:06,634 - INFO - Successfully downloaded: fovt.owl (38.7MB)
2025-06-24 21:46:06,757 - INFO - File hash (MD5): 29c046a34d054f621739dd80bac4f872
2025-06-24 21:46:07,271 - INFO - Attempting to download: http://purl.obolibrary.org/obo/fypo.owl
2025-06-24 21:46:10,115 - INFO - Successfully downloaded: fypo.owl (71.4MB)
2025-06-24 21:46:10,363 - INFO - File hash (MD5): 7207b0d3480474d97512ef73d9a2befb
2025-06-24 21:46:10,865 - INFO - Attempting to download: http://purl.obolibrary.org/obo/gallont.owl
2025-06-24 21:46:11,155 - INFO - Successfully downloaded: gallont.owl (1.0MB)
2025-06-24 21:46:11,180 - INFO - File hash (MD5): 300ef4d6611aa3ae68242b16200cfa67
2025-06-24 21:46:11,686 - INFO - Attempting to download: http://purl.obolibrary.org/obo/gecko.owl
2025-06-24 21:46:11,935 - INFO - Successfully downloaded: gecko.owl (0.2MB)
2025-06-24 21:46:11,942 - INFO - File hash (MD5): 0fe7665071d5c0fe125cd5beedb429d6
2025-06-24 21:46:12,446 - INFO - Attempting to download: http://purl.obolibrary.org/obo/genepio.owl
2025-06-24 21:46:13,032 - INFO - Successfully downloaded: genepio.owl (7.2MB)
2025-06-24 21:46:13,075 - INFO - File hash (MD5): 23f14411076cbe6830dc11ddb521cd3a
2025-06-24 21:46:13,591 - INFO - Attempting to download: http://purl.obolibrary.org/obo/geno.owl
2025-06-24 21:46:13,844 - INFO - Successfully downloaded: geno.owl (0.6MB)
2025-06-24 21:46:13,864 - INFO - File hash (MD5): 07e9beb0b8ac9b1812a569ad7419e2b8
2025-06-24 21:46:14,374 - INFO - Attempting to download: http://purl.obolibrary.org/obo/geo.owl
2025-06-24 21:46:14,530 - INFO - Successfully downloaded: geo.owl (0.1MB)
2025-06-24 21:46:14,535 - INFO - File hash (MD5): 8cd81e058db70d56c592c2386a001aad
2025-06-24 21:46:15,035 - INFO - Attempting to download: http://purl.obolibrary.org/obo/gno.owl
2025-06-24 21:46:25,098 - WARNING - File too large for Git (201.1MB > 100.0MB): gno.owl
2025-06-24 21:46:25,099 - INFO - Added gno.owl to .gitignore
2025-06-24 21:46:25,100 - INFO - Successfully downloaded: gno.owl (201.1MB)
2025-06-24 21:46:25,413 - INFO - File hash (MD5): b5c27d039a6235db781ad391c92fb790
2025-06-24 21:46:25,924 - INFO - Attempting to download: http://purl.obolibrary.org/obo/go.owl
2025-06-24 21:46:29,492 - WARNING - File too large for Git (121.4MB > 100.0MB): go.owl
2025-06-24 21:46:29,494 - INFO - Added go.owl to .gitignore
2025-06-24 21:46:29,494 - INFO - Successfully downloaded: go.owl (121.4MB)
2025-06-24 21:46:29,702 - INFO - File hash (MD5): 354be51b4729ad923a160555f67443f4
2025-06-24 21:46:30,216 - INFO - Attempting to download: http://purl.obolibrary.org/obo/hancestro.owl
2025-06-24 21:46:30,598 - INFO - Successfully downloaded: hancestro.owl (2.0MB)
2025-06-24 21:46:30,628 - INFO - File hash (MD5): b5658730c8041ff3d00d19592a326f37
2025-06-24 21:46:31,138 - INFO - Attempting to download: http://purl.obolibrary.org/obo/hao.owl
2025-06-24 21:46:31,672 - INFO - Successfully downloaded: hao.owl (6.7MB)
2025-06-24 21:46:31,708 - INFO - File hash (MD5): 302144f889b85ea944be838b661a1241
2025-06-24 21:46:32,216 - INFO - Attempting to download: http://purl.obolibrary.org/obo/hom.owl
2025-06-24 21:46:32,449 - INFO - Successfully downloaded: hom.owl (0.1MB)
2025-06-24 21:46:32,454 - INFO - File hash (MD5): d3f7a3aabf82ce1f5cfc2112875eeba9
2025-06-24 21:46:32,959 - INFO - Attempting to download: http://purl.obolibrary.org/obo/hsapdv.owl
2025-06-24 21:46:33,417 - INFO - Successfully downloaded: hsapdv.owl (0.5MB)
2025-06-24 21:46:33,432 - INFO - File hash (MD5): 68cb64cf8ffa5276284713f806fc48e6
2025-06-24 21:46:33,945 - INFO - Attempting to download: http://purl.obolibrary.org/obo/hso.owl
2025-06-24 21:46:34,370 - INFO - Successfully downloaded: hso.owl (1.3MB)
2025-06-24 21:46:34,406 - INFO - File hash (MD5): 935e7235775b290e8d5cf6500237326e
2025-06-24 21:46:34,912 - INFO - Attempting to download: http://purl.obolibrary.org/obo/htn.owl
2025-06-24 21:46:35,225 - INFO - Successfully downloaded: htn.owl (1.3MB)
2025-06-24 21:46:35,257 - INFO - File hash (MD5): 53c4120c49cc8a2ae78d37313e3a898e
2025-06-24 21:46:35,760 - INFO - Attempting to download: http://purl.obolibrary.org/obo/iao.owl
2025-06-24 21:46:36,060 - INFO - Successfully downloaded: iao.owl (0.6MB)
2025-06-24 21:46:36,078 - INFO - File hash (MD5): a74cb46787a41f2b02e5183a65c87f43
2025-06-24 21:46:36,589 - INFO - Attempting to download: http://purl.obolibrary.org/obo/iceo.owl
2025-06-24 21:46:37,609 - INFO - Successfully downloaded: iceo.owl (35.6MB)
2025-06-24 21:46:37,695 - INFO - File hash (MD5): 6a3d51e0607a09f0dc7077bd2fb33ba8
2025-06-24 21:46:38,209 - INFO - Attempting to download: http://purl.obolibrary.org/obo/ico.owl
2025-06-24 21:46:38,553 - INFO - Successfully downloaded: ico.owl (1.7MB)
2025-06-24 21:46:38,593 - INFO - File hash (MD5): 94d55d0164615599d65336b2df41b0ad
2025-06-24 21:46:39,102 - INFO - Attempting to download: http://purl.obolibrary.org/obo/ido.owl
2025-06-24 21:46:39,438 - INFO - Successfully downloaded: ido.owl (0.7MB)
2025-06-24 21:46:39,473 - INFO - File hash (MD5): eebcb7b81a5620908e1ccfbdf666f137
2025-06-24 21:46:39,980 - INFO - Attempting to download: http://purl.obolibrary.org/obo/ino.owl
2025-06-24 21:46:40,267 - INFO - Successfully downloaded: ino.owl (0.5MB)
2025-06-24 21:46:40,286 - INFO - File hash (MD5): 7d35b715a7e2412851c6cd63dd6082c7
2025-06-24 21:46:40,800 - INFO - Attempting to download: http://purl.obolibrary.org/obo/labo.owl
2025-06-24 21:46:41,040 - INFO - Successfully downloaded: labo.owl (0.4MB)
2025-06-24 21:46:41,059 - INFO - File hash (MD5): b29d5c3eccf778158c823b80df36a782
2025-06-24 21:46:41,572 - INFO - Attempting to download: http://purl.obolibrary.org/obo/lepao.owl
2025-06-24 21:46:41,917 - INFO - Successfully downloaded: lepao.owl (2.6MB)
2025-06-24 21:46:41,945 - INFO - File hash (MD5): 2ebe95b84326be82c7b18cfdae8a2cec
2025-06-24 21:46:42,457 - INFO - Attempting to download: http://purl.obolibrary.org/obo/ma.owl
2025-06-24 21:46:42,746 - INFO - Successfully downloaded: ma.owl (2.6MB)
2025-06-24 21:46:42,780 - INFO - File hash (MD5): d601001962464b99ea0ff2cb774e6033
2025-06-24 21:46:43,291 - INFO - Attempting to download: http://purl.obolibrary.org/obo/maxo.owl
2025-06-24 21:46:44,129 - INFO - Successfully downloaded: maxo.owl (15.3MB)
2025-06-24 21:46:44,182 - INFO - File hash (MD5): 10b37ff8c8b7d5276d4cb9dc9c91220c
2025-06-24 21:46:44,685 - INFO - Attempting to download: http://purl.obolibrary.org/obo/mco.owl
2025-06-24 21:46:45,319 - INFO - Successfully downloaded: mco.owl (16.5MB)
2025-06-24 21:46:45,384 - INFO - File hash (MD5): 489fbeba542c9f4b2717f5a8a08893d4
2025-06-24 21:46:45,894 - INFO - Attempting to download: http://purl.obolibrary.org/obo/mcro.owl
2025-06-24 21:46:46,103 - INFO - Successfully downloaded: mcro.owl (0.1MB)
2025-06-24 21:46:46,111 - INFO - File hash (MD5): 86571d43ce2c0613b10f43018431cfa6
2025-06-24 21:46:46,619 - INFO - Attempting to download: http://purl.obolibrary.org/obo/mf.owl
2025-06-24 21:46:46,808 - INFO - Successfully downloaded: mf.owl (0.5MB)
2025-06-24 21:46:46,828 - INFO - File hash (MD5): 55065d410cc4e8553f02eb7e648c58e5
2025-06-24 21:46:47,343 - INFO - Attempting to download: http://purl.obolibrary.org/obo/mfoem.owl
2025-06-24 21:46:47,626 - INFO - Successfully downloaded: mfoem.owl (0.6MB)
2025-06-24 21:46:47,641 - INFO - File hash (MD5): 509f9222289f1b4bc3001536cd0ff0bc
2025-06-24 21:46:48,144 - INFO - Attempting to download: http://purl.obolibrary.org/obo/mfomd.owl
2025-06-24 21:46:48,320 - INFO - Successfully downloaded: mfomd.owl (0.0MB)
2025-06-24 21:46:48,323 - INFO - File hash (MD5): 4afdafcfda52dc7bf06fdcb341e8c51f
2025-06-24 21:46:48,826 - INFO - Attempting to download: http://purl.obolibrary.org/obo/mi.owl
2025-06-24 21:46:49,182 - INFO - Successfully downloaded: mi.owl (3.0MB)
2025-06-24 21:46:49,210 - INFO - File hash (MD5): 845f9539ef48c746acb236419f50bf3e
2025-06-24 21:46:49,717 - INFO - Attempting to download: http://purl.obolibrary.org/obo/miapa.owl
2025-06-24 21:46:49,914 - INFO - Successfully downloaded: miapa.owl (0.0MB)
2025-06-24 21:46:49,919 - INFO - File hash (MD5): c723d319a81967b4b22e9fe5ea54794e
2025-06-24 21:46:50,427 - INFO - Attempting to download: http://purl.obolibrary.org/obo/mmo.owl
2025-06-24 21:46:50,946 - INFO - Successfully downloaded: mmo.owl (1.8MB)
2025-06-24 21:46:50,983 - INFO - File hash (MD5): 92c1fdd19e80bae16f1eafb3044b2ee0
2025-06-24 21:46:51,493 - INFO - Attempting to download: http://purl.obolibrary.org/obo/mmusdv.owl
2025-06-24 21:46:51,909 - INFO - Successfully downloaded: mmusdv.owl (0.4MB)
2025-06-24 21:46:51,921 - INFO - File hash (MD5): ae72b64271fd9ce729596cb037ac3ef2
2025-06-24 21:46:52,424 - INFO - Attempting to download: http://purl.obolibrary.org/obo/mod.owl
2025-06-24 21:46:52,910 - INFO - Successfully downloaded: mod.owl (9.1MB)
2025-06-24 21:46:52,943 - INFO - File hash (MD5): 1a6f38326f5d2d4518ec076549622e04
2025-06-24 21:46:53,452 - INFO - Attempting to download: http://purl.obolibrary.org/obo/mondo.owl
2025-06-24 21:47:02,239 - WARNING - File too large for Git (226.7MB > 100.0MB): mondo.owl
2025-06-24 21:47:02,240 - INFO - Added mondo.owl to .gitignore
2025-06-24 21:47:02,241 - INFO - Successfully downloaded: mondo.owl (226.7MB)
2025-06-24 21:47:02,594 - INFO - File hash (MD5): e5e0a888757b2248bb0473d432056c11
2025-06-24 21:47:03,110 - INFO - Attempting to download: http://purl.obolibrary.org/obo/mop.owl
2025-06-24 21:47:03,491 - INFO - Successfully downloaded: mop.owl (4.6MB)
2025-06-24 21:47:03,545 - INFO - File hash (MD5): ad8dbe128e9f1e78e1b70ca0c2109e2b
2025-06-24 21:47:04,060 - INFO - Attempting to download: http://purl.obolibrary.org/obo/mp.owl
2025-06-24 21:47:13,586 - WARNING - File too large for Git (107.7MB > 100.0MB): mp.owl
2025-06-24 21:47:13,588 - INFO - Added mp.owl to .gitignore
2025-06-24 21:47:13,588 - INFO - Successfully downloaded: mp.owl (107.7MB)
2025-06-24 21:47:13,766 - INFO - File hash (MD5): f0f6b061400389d9ccac5bb3deee0a78
2025-06-24 21:47:14,268 - INFO - Attempting to download: http://purl.obolibrary.org/obo/mpath.owl
2025-06-24 21:47:14,495 - INFO - Successfully downloaded: mpath.owl (1.4MB)
2025-06-24 21:47:14,524 - INFO - File hash (MD5): 9197c3b190a0b804419e7d82097e22f7
2025-06-24 21:47:15,030 - INFO - Attempting to download: http://purl.obolibrary.org/obo/mpio.owl
2025-06-24 21:47:15,272 - INFO - Successfully downloaded: mpio.owl (0.1MB)
2025-06-24 21:47:15,286 - INFO - File hash (MD5): 79bf53c94989f51829e12061acca8c50
2025-06-24 21:47:15,800 - INFO - Attempting to download: http://purl.obolibrary.org/obo/mro.owl
2025-06-24 21:47:18,243 - INFO - Successfully downloaded: mro.owl (78.6MB)
2025-06-24 21:47:18,393 - INFO - File hash (MD5): c2087b318019ec7a30f27b8b8cb438dd
2025-06-24 21:47:18,909 - INFO - Attempting to download: http://purl.obolibrary.org/obo/ms.owl
2025-06-24 21:47:19,494 - INFO - Successfully downloaded: ms.owl (4.2MB)
2025-06-24 21:47:19,618 - INFO - File hash (MD5): 8b8fb9bea3d471c4f87450ecd69f8d8b
2025-06-24 21:47:20,121 - INFO - Attempting to download: http://purl.obolibrary.org/obo/nbo.owl
2025-06-24 21:47:20,550 - INFO - Successfully downloaded: nbo.owl (5.4MB)
2025-06-24 21:47:20,590 - INFO - File hash (MD5): 7236c44b04d61e3cdb1b52a0aa0803c7
2025-06-24 21:47:21,102 - INFO - Attempting to download: http://purl.obolibrary.org/obo/ncbitaxon.owl
2025-06-24 21:48:11,446 - WARNING - File too large for Git (1570.5MB > 100.0MB): ncbitaxon.owl
2025-06-24 21:48:11,448 - INFO - Added ncbitaxon.owl to .gitignore
2025-06-24 21:48:11,448 - INFO - Successfully downloaded: ncbitaxon.owl (1570.5MB)
2025-06-24 21:48:13,730 - INFO - File hash (MD5): bc7b05bda7464e1d0f957e808bc767d5
2025-06-24 21:48:14,231 - INFO - Attempting to download: http://purl.obolibrary.org/obo/ncit.owl
2025-06-24 21:48:52,087 - WARNING - File too large for Git (965.5MB > 100.0MB): ncit.owl
2025-06-24 21:48:52,088 - INFO - Added ncit.owl to .gitignore
2025-06-24 21:48:52,088 - INFO - Successfully downloaded: ncit.owl (965.5MB)
2025-06-24 21:48:54,677 - INFO - File hash (MD5): 39f5253f9416dc1c35cdfadfde4db057
2025-06-24 21:48:55,183 - INFO - Attempting to download: http://purl.obolibrary.org/obo/ncro.owl
2025-06-24 21:48:55,515 - INFO - Successfully downloaded: ncro.owl (2.4MB)
2025-06-24 21:48:55,554 - INFO - File hash (MD5): ae04c24648d063b5674187d9b5654b69
2025-06-24 21:48:56,058 - INFO - Attempting to download: http://purl.obolibrary.org/obo/ngbo.owl
2025-06-24 21:48:56,343 - INFO - Successfully downloaded: ngbo.owl (1.3MB)
2025-06-24 21:48:56,390 - INFO - File hash (MD5): cf4517fa7879b6c74d55136025f5ddcc
2025-06-24 21:48:56,905 - INFO - Attempting to download: http://purl.obolibrary.org/obo/nomen.owl
2025-06-24 21:48:57,109 - INFO - Successfully downloaded: nomen.owl (0.2MB)
2025-06-24 21:48:57,122 - INFO - File hash (MD5): 28d32990fb6f818cac67975d824b80f7
2025-06-24 21:48:57,626 - INFO - Attempting to download: http://purl.obolibrary.org/obo/oae.owl
2025-06-24 21:48:58,407 - INFO - Successfully downloaded: oae.owl (12.3MB)
2025-06-24 21:48:58,471 - INFO - File hash (MD5): 35ac45411c592d6e6336f274f5fd2140
2025-06-24 21:48:58,978 - INFO - Attempting to download: http://purl.obolibrary.org/obo/oarcs.owl
2025-06-24 21:48:59,235 - INFO - Successfully downloaded: oarcs.owl (0.7MB)
2025-06-24 21:48:59,263 - INFO - File hash (MD5): 1abcf477d3b644fbeba0d5f89387ad06
2025-06-24 21:48:59,776 - INFO - Attempting to download: http://purl.obolibrary.org/obo/oba.owl
2025-06-24 21:49:04,873 - WARNING - File too large for Git (130.1MB > 100.0MB): oba.owl
2025-06-24 21:49:04,874 - INFO - Added oba.owl to .gitignore
2025-06-24 21:49:04,875 - INFO - Successfully downloaded: oba.owl (130.1MB)
2025-06-24 21:49:05,265 - INFO - File hash (MD5): b20fe1e2df3441fb44e04f09a25bb1b9
2025-06-24 21:49:05,779 - INFO - Attempting to download: http://purl.obolibrary.org/obo/obcs.owl
2025-06-24 21:49:05,935 - INFO - Successfully downloaded: obcs.owl (1.8MB)
2025-06-24 21:49:05,980 - INFO - File hash (MD5): f8cdfa75a63a3ac311106ff6c7423a4f
2025-06-24 21:49:06,491 - INFO - Attempting to download: http://purl.obolibrary.org/obo/obi.owl
2025-06-24 21:49:07,171 - INFO - Successfully downloaded: obi.owl (9.1MB)
2025-06-24 21:49:07,225 - INFO - File hash (MD5): f53d28d1e4d63d3a00857f6eb26a9807
2025-06-24 21:49:07,741 - INFO - Attempting to download: http://purl.obolibrary.org/obo/obib.owl
2025-06-24 21:49:08,131 - INFO - Successfully downloaded: obib.owl (2.5MB)
2025-06-24 21:49:08,187 - INFO - File hash (MD5): d834e37495f377aeaab15271c0cb18bb
2025-06-24 21:49:08,702 - INFO - Attempting to download: http://purl.obolibrary.org/obo/occo.owl
2025-06-24 21:49:09,177 - INFO - Successfully downloaded: occo.owl (5.2MB)
2025-06-24 21:49:09,227 - INFO - File hash (MD5): 35c7460ea411e24f0f91f2d84b608ded
2025-06-24 21:49:09,729 - INFO - Attempting to download: http://purl.obolibrary.org/obo/ogg.owl
2025-06-24 21:49:11,061 - WARNING - File too large for Git (122.0MB > 100.0MB): ogg.owl
2025-06-24 21:49:11,067 - INFO - Added ogg.owl to .gitignore
2025-06-24 21:49:11,068 - INFO - Successfully downloaded: ogg.owl (122.0MB)
2025-06-24 21:49:11,395 - INFO - File hash (MD5): 694a56219122d68e6b29c7c0be9ec052
2025-06-24 21:49:11,912 - INFO - Attempting to download: http://purl.obolibrary.org/obo/ogms.owl
2025-06-24 21:49:12,120 - INFO - Successfully downloaded: ogms.owl (0.3MB)
2025-06-24 21:49:12,145 - INFO - File hash (MD5): d988a3b17e385b51878a591bbd496aa5
2025-06-24 21:49:12,652 - INFO - Attempting to download: http://purl.obolibrary.org/obo/ohd.owl
2025-06-24 21:49:13,098 - INFO - Successfully downloaded: ohd.owl (4.5MB)
2025-06-24 21:49:13,141 - INFO - File hash (MD5): 435ccd8c2187fc024b4d3a59bfc2eb24
2025-06-24 21:49:13,653 - INFO - Attempting to download: http://purl.obolibrary.org/obo/ohmi.owl
2025-06-24 21:49:13,968 - INFO - Successfully downloaded: ohmi.owl (2.4MB)
2025-06-24 21:49:14,010 - INFO - File hash (MD5): 8a36dcac3d81305a3953e3750f28e97f
2025-06-24 21:49:14,517 - INFO - Attempting to download: http://purl.obolibrary.org/obo/ohpi.owl
2025-06-24 21:49:15,607 - INFO - Successfully downloaded: ohpi.owl (27.7MB)
2025-06-24 21:49:15,716 - INFO - File hash (MD5): f2179922c693fdacfe4c653e731812c5
2025-06-24 21:49:16,223 - INFO - Attempting to download: http://purl.obolibrary.org/obo/omit.owl
2025-06-24 21:49:17,339 - INFO - Successfully downloaded: omit.owl (33.2MB)
2025-06-24 21:49:17,459 - INFO - File hash (MD5): 61894914b3b84db9ace969d26854349c
2025-06-24 21:49:17,967 - INFO - Attempting to download: http://purl.obolibrary.org/obo/omo.owl
2025-06-24 21:49:18,154 - INFO - Successfully downloaded: omo.owl (0.1MB)
2025-06-24 21:49:18,167 - INFO - File hash (MD5): 492442abf2ba814e2b177f61bcd05fc6
2025-06-24 21:49:18,676 - INFO - Attempting to download: http://purl.obolibrary.org/obo/omp.owl
2025-06-24 21:49:19,120 - INFO - Successfully downloaded: omp.owl (4.3MB)
2025-06-24 21:49:19,174 - INFO - File hash (MD5): 173a55e0a7611bb17df561eacb3abe53
2025-06-24 21:49:19,678 - INFO - Attempting to download: http://purl.obolibrary.org/obo/omrse.owl
2025-06-24 21:49:19,983 - INFO - Successfully downloaded: omrse.owl (1.4MB)
2025-06-24 21:49:20,016 - INFO - File hash (MD5): 337c2c46a54190575c8f35999e675f82
2025-06-24 21:49:20,518 - INFO - Attempting to download: http://purl.obolibrary.org/obo/one.owl
2025-06-24 21:49:20,773 - INFO - Successfully downloaded: one.owl (0.1MB)
2025-06-24 21:49:20,779 - INFO - File hash (MD5): b7d85b1d9b5edc5cdfb549627e488a34
2025-06-24 21:49:21,293 - INFO - Attempting to download: http://purl.obolibrary.org/obo/ons.owl
2025-06-24 21:49:21,659 - INFO - Successfully downloaded: ons.owl (2.7MB)
2025-06-24 21:49:21,704 - INFO - File hash (MD5): 1093c9f1bc3db04c9e6949b2d7465677
2025-06-24 21:49:22,207 - INFO - Attempting to download: http://purl.obolibrary.org/obo/ontoavida.owl
2025-06-24 21:49:22,654 - INFO - Successfully downloaded: ontoavida.owl (0.5MB)
2025-06-24 21:49:22,684 - INFO - File hash (MD5): 8f3cd2b5b6d520fd8f81d33edc237dc6
2025-06-24 21:49:23,191 - INFO - Attempting to download: http://purl.obolibrary.org/obo/ontoneo.owl
2025-06-24 21:49:23,521 - INFO - Successfully downloaded: ontoneo.owl (2.1MB)
2025-06-24 21:49:23,574 - INFO - File hash (MD5): 75bf8ac002302b11e26f5949b62352d7
2025-06-24 21:49:24,083 - INFO - Attempting to download: http://purl.obolibrary.org/obo/oostt.owl
2025-06-24 21:49:24,367 - INFO - Successfully downloaded: oostt.owl (0.7MB)
2025-06-24 21:49:24,391 - INFO - File hash (MD5): f2982a8537554b049a132e230ebc264b
2025-06-24 21:49:24,902 - INFO - Attempting to download: http://purl.obolibrary.org/obo/opl.owl
2025-06-24 21:49:25,120 - INFO - Successfully downloaded: opl.owl (0.9MB)
2025-06-24 21:49:25,153 - INFO - File hash (MD5): 12206813a5635b8c5aac633e3b8c860f
2025-06-24 21:49:25,663 - INFO - Attempting to download: http://purl.obolibrary.org/obo/opmi.owl
2025-06-24 21:49:26,141 - INFO - Successfully downloaded: opmi.owl (4.0MB)
2025-06-24 21:49:26,176 - INFO - File hash (MD5): 875ac5e005ccfdece24c426d33db04ae
2025-06-24 21:49:26,692 - INFO - Attempting to download: http://purl.obolibrary.org/obo/ornaseq.owl
2025-06-24 21:49:26,899 - INFO - Successfully downloaded: ornaseq.owl (0.2MB)
2025-06-24 21:49:26,910 - INFO - File hash (MD5): e446b1a4c5dbaffa7e9763585dc1327f
2025-06-24 21:49:27,418 - INFO - Attempting to download: http://purl.obolibrary.org/obo/ovae.owl
2025-06-24 21:49:27,857 - INFO - Successfully downloaded: ovae.owl (3.8MB)
2025-06-24 21:49:27,909 - INFO - File hash (MD5): be09c4baffd91fbb051813233424bf38
2025-06-24 21:49:28,411 - INFO - Attempting to download: http://purl.obolibrary.org/obo/pato.owl
2025-06-24 21:49:29,117 - INFO - Successfully downloaded: pato.owl (20.1MB)
2025-06-24 21:49:29,185 - INFO - File hash (MD5): b103070bfd64780c68079695d199ccde
2025-06-24 21:49:29,694 - INFO - Attempting to download: http://purl.obolibrary.org/obo/pcl.owl
2025-06-24 21:49:36,273 - WARNING - File too large for Git (172.2MB > 100.0MB): pcl.owl
2025-06-24 21:49:36,275 - INFO - Added pcl.owl to .gitignore
2025-06-24 21:49:36,276 - INFO - Successfully downloaded: pcl.owl (172.2MB)
2025-06-24 21:49:36,751 - INFO - File hash (MD5): 569100653b40322794b3c4283270298d
2025-06-24 21:49:37,260 - INFO - Attempting to download: http://purl.obolibrary.org/obo/pco.owl
2025-06-24 21:49:37,444 - INFO - Successfully downloaded: pco.owl (0.6MB)
2025-06-24 21:49:37,472 - INFO - File hash (MD5): 8d8ef36ff49c36bd50a9a6b02087e3e2
2025-06-24 21:49:37,978 - INFO - Attempting to download: http://purl.obolibrary.org/obo/pdro.owl
2025-06-24 21:49:38,256 - INFO - Successfully downloaded: pdro.owl (0.5MB)
2025-06-24 21:49:38,273 - INFO - File hash (MD5): bbd5adc44cb838db34d5ea5ab6a0cd3f
2025-06-24 21:49:38,781 - INFO - Attempting to download: http://purl.obolibrary.org/obo/peco.owl
2025-06-24 21:49:39,105 - INFO - Successfully downloaded: peco.owl (1.8MB)
2025-06-24 21:49:39,137 - INFO - File hash (MD5): b8156aa8e828b868bae6b326db4e995b
2025-06-24 21:49:39,651 - INFO - Attempting to download: http://purl.obolibrary.org/obo/phipo.owl
2025-06-24 21:49:40,259 - INFO - Successfully downloaded: phipo.owl (12.4MB)
2025-06-24 21:49:40,327 - INFO - File hash (MD5): 7698bf13ca4928bde51d5642362e7b59
2025-06-24 21:49:40,836 - INFO - Attempting to download: http://purl.obolibrary.org/obo/plana.owl
2025-06-24 21:49:41,214 - INFO - Successfully downloaded: plana.owl (2.4MB)
2025-06-24 21:49:41,244 - INFO - File hash (MD5): 1896425cc842597b0e0011a633b34965
2025-06-24 21:49:41,751 - INFO - Attempting to download: http://purl.obolibrary.org/obo/planp.owl
2025-06-24 21:49:42,283 - INFO - Successfully downloaded: planp.owl (10.0MB)
2025-06-24 21:49:42,339 - INFO - File hash (MD5): c711e318d9ee0e10140f58aa4ba4e78e
2025-06-24 21:49:42,843 - INFO - Attempting to download: http://purl.obolibrary.org/obo/po.owl
2025-06-24 21:49:43,253 - INFO - Successfully downloaded: po.owl (5.2MB)
2025-06-24 21:49:43,292 - INFO - File hash (MD5): 31be5c909d35de302d224b6aa0b5f2fb
2025-06-24 21:49:43,800 - INFO - Attempting to download: http://purl.obolibrary.org/obo/poro.owl
2025-06-24 21:49:44,116 - INFO - Successfully downloaded: poro.owl (0.9MB)
2025-06-24 21:49:44,145 - INFO - File hash (MD5): 6c5da5df4d6270c4064b5345c35cada9
2025-06-24 21:49:44,655 - INFO - Attempting to download: http://purl.obolibrary.org/obo/ppo.owl
2025-06-24 21:49:44,891 - INFO - Successfully downloaded: ppo.owl (1.2MB)
2025-06-24 21:49:44,939 - INFO - File hash (MD5): c549acda9727a092004511d2e088af7c
2025-06-24 21:49:45,444 - INFO - Attempting to download: http://purl.obolibrary.org/obo/pr.owl
2025-06-24 21:51:23,421 - WARNING - File too large for Git (1327.0MB > 100.0MB): pr.owl
2025-06-24 21:51:23,421 - INFO - Added pr.owl to .gitignore
2025-06-24 21:51:23,421 - INFO - Successfully downloaded: pr.owl (1327.0MB)
2025-06-24 21:51:25,308 - INFO - File hash (MD5): edf4cfad832958a8761bae78f99c18af
2025-06-24 21:51:25,812 - INFO - Attempting to download: http://purl.obolibrary.org/obo/proco.owl
2025-06-24 21:51:26,206 - INFO - Successfully downloaded: proco.owl (1.4MB)
2025-06-24 21:51:26,245 - INFO - File hash (MD5): 97684b32ed8820ea7bf2088dc1fa2998
2025-06-24 21:51:26,751 - INFO - Attempting to download: http://purl.obolibrary.org/obo/psdo.owl
2025-06-24 21:51:27,041 - INFO - Successfully downloaded: psdo.owl (0.1MB)
2025-06-24 21:51:27,054 - INFO - File hash (MD5): 8463b5e4ae7271004c964aa5020345c4
2025-06-24 21:51:27,556 - INFO - Attempting to download: http://purl.obolibrary.org/obo/pso.owl
2025-06-24 21:51:28,009 - INFO - Successfully downloaded: pso.owl (4.8MB)
2025-06-24 21:51:28,052 - INFO - File hash (MD5): 69cb4d3b01adadd385b885de31061cd2
2025-06-24 21:51:28,566 - INFO - Attempting to download: http://purl.obolibrary.org/obo/pw.owl
2025-06-24 21:51:29,379 - INFO - Successfully downloaded: pw.owl (5.2MB)
2025-06-24 21:51:29,412 - INFO - File hash (MD5): 54f335b5c969369041fb297de336f05b
2025-06-24 21:51:29,924 - INFO - Attempting to download: http://purl.obolibrary.org/obo/rbo.owl
2025-06-24 21:51:30,925 - INFO - Successfully downloaded: rbo.owl (27.1MB)
2025-06-24 21:51:30,983 - INFO - File hash (MD5): febc609667ebcac96632c71e37dffa6d
2025-06-24 21:51:31,496 - INFO - Attempting to download: http://purl.obolibrary.org/obo/ro.owl
2025-06-24 21:51:31,779 - INFO - Successfully downloaded: ro.owl (1.1MB)
2025-06-24 21:51:31,816 - INFO - File hash (MD5): 901d0421b388876866a837678c467f27
2025-06-24 21:51:32,317 - INFO - Attempting to download: http://purl.obolibrary.org/obo/rs.owl
2025-06-24 21:51:33,032 - INFO - Successfully downloaded: rs.owl (5.2MB)
2025-06-24 21:51:33,069 - INFO - File hash (MD5): a0b5ed607019d472ef018eee5b521ecd
2025-06-24 21:51:33,573 - INFO - Attempting to download: http://purl.obolibrary.org/obo/rxno.owl
2025-06-24 21:51:33,848 - INFO - Successfully downloaded: rxno.owl (1.6MB)
2025-06-24 21:51:33,884 - INFO - File hash (MD5): 87b6a75767c6f56a71a68b240352f92b
2025-06-24 21:51:34,391 - INFO - Attempting to download: http://purl.obolibrary.org/obo/sepio.owl
2025-06-24 21:51:34,843 - INFO - Successfully downloaded: sepio.owl (0.5MB)
2025-06-24 21:51:34,869 - INFO - File hash (MD5): 8fb50168990bedd0dd8fd3e84f994ae3
2025-06-24 21:51:35,383 - INFO - Attempting to download: http://purl.obolibrary.org/obo/slso.owl
2025-06-24 21:51:35,931 - INFO - Successfully downloaded: slso.owl (4.3MB)
2025-06-24 21:51:35,963 - INFO - File hash (MD5): 799cd2532075c99524c8d443025ca350
2025-06-24 21:51:36,470 - INFO - Attempting to download: http://purl.obolibrary.org/obo/so.owl
2025-06-24 21:51:36,801 - INFO - Successfully downloaded: so.owl (3.8MB)
2025-06-24 21:51:36,834 - INFO - File hash (MD5): 3b67538b7d969b8994ef051901b3b3dd
2025-06-24 21:51:37,337 - INFO - Attempting to download: http://purl.obolibrary.org/obo/spd.owl
2025-06-24 21:51:37,611 - INFO - Successfully downloaded: spd.owl (1.0MB)
2025-06-24 21:51:37,652 - INFO - File hash (MD5): c87d0cfeaf9cd2cd10dd05ea0f289d04
2025-06-24 21:51:38,168 - INFO - Attempting to download: http://purl.obolibrary.org/obo/stato.owl
2025-06-24 21:51:38,473 - INFO - Successfully downloaded: stato.owl (2.0MB)
2025-06-24 21:51:38,508 - INFO - File hash (MD5): e6472443f6bb4f95477253d4f97d93ad
2025-06-24 21:51:39,013 - INFO - Attempting to download: http://purl.obolibrary.org/obo/swo.owl
2025-06-24 21:51:39,647 - INFO - Successfully downloaded: swo.owl (3.0MB)
2025-06-24 21:51:39,679 - INFO - File hash (MD5): ecbf9eabd3ccad51ba26c0667bf1258a
2025-06-24 21:51:40,191 - INFO - Attempting to download: http://purl.obolibrary.org/obo/symp.owl
2025-06-24 21:51:40,491 - INFO - Successfully downloaded: symp.owl (0.8MB)
2025-06-24 21:51:40,525 - INFO - File hash (MD5): 556a30cfd3e8ee54e9d7b699aa2db99c
2025-06-24 21:51:41,037 - INFO - Attempting to download: http://purl.obolibrary.org/obo/t4fs.owl
2025-06-24 21:51:41,487 - INFO - Successfully downloaded: t4fs.owl (0.8MB)
2025-06-24 21:51:41,532 - INFO - File hash (MD5): 96cee4b92541f48e86e89486fd080525
2025-06-24 21:51:42,040 - INFO - Attempting to download: http://purl.obolibrary.org/obo/taxrank.owl
2025-06-24 21:51:42,307 - INFO - Successfully downloaded: taxrank.owl (0.0MB)
2025-06-24 21:51:42,309 - INFO - File hash (MD5): cebd208953b5e3bcb08540c486d0f5e5
2025-06-24 21:51:42,811 - INFO - Attempting to download: http://purl.obolibrary.org/obo/to.owl
2025-06-24 21:51:43,232 - INFO - Successfully downloaded: to.owl (3.1MB)
2025-06-24 21:51:43,262 - INFO - File hash (MD5): 1817575e033c05a59fd383646c67d9f0
2025-06-24 21:51:43,767 - INFO - Attempting to download: http://purl.obolibrary.org/obo/trans.owl
2025-06-24 21:51:43,979 - INFO - Successfully downloaded: trans.owl (0.1MB)
2025-06-24 21:51:43,991 - INFO - File hash (MD5): 621670dbf7a6d87091e4ecd0a3dabaf6
2025-06-24 21:51:44,493 - INFO - Attempting to download: http://purl.obolibrary.org/obo/tto.owl
2025-06-24 21:51:46,855 - INFO - Successfully downloaded: tto.owl (67.6MB)
2025-06-24 21:51:46,978 - INFO - File hash (MD5): f920e22b15f85e96de2e1ac882161bf0
2025-06-24 21:51:47,493 - INFO - Attempting to download: http://purl.obolibrary.org/obo/txpo.owl
2025-06-24 21:51:48,416 - INFO - Successfully downloaded: txpo.owl (17.5MB)
2025-06-24 21:51:48,456 - INFO - File hash (MD5): fa876b76cc85363e179460a91cf6992a
2025-06-24 21:51:48,970 - INFO - Attempting to download: http://purl.obolibrary.org/obo/uberon.owl
2025-06-24 21:51:53,240 - INFO - Successfully downloaded: uberon.owl (92.7MB)
2025-06-24 21:51:53,396 - INFO - File hash (MD5): 1ccdec7c82ee7765c192e02345140d81
2025-06-24 21:51:53,909 - INFO - Attempting to download: http://purl.obolibrary.org/obo/uo.owl
2025-06-24 21:51:54,174 - INFO - Successfully downloaded: uo.owl (0.5MB)
2025-06-24 21:51:54,196 - INFO - File hash (MD5): 255dd8c768074e8fc24fba99282b507f
2025-06-24 21:51:54,709 - INFO - Attempting to download: http://purl.obolibrary.org/obo/upheno.owl
2025-06-24 21:52:03,780 - WARNING - File too large for Git (217.9MB > 100.0MB): upheno.owl
2025-06-24 21:52:03,782 - INFO - Added upheno.owl to .gitignore
2025-06-24 21:52:03,782 - INFO - Successfully downloaded: upheno.owl (217.9MB)
2025-06-24 21:52:04,120 - INFO - File hash (MD5): d9be29f8ba933eb4401ef02acecfb686
2025-06-24 21:52:04,620 - INFO - Attempting to download: http://purl.obolibrary.org/obo/vbo.owl
2025-06-24 21:52:06,769 - INFO - Successfully downloaded: vbo.owl (63.6MB)
2025-06-24 21:52:06,886 - INFO - File hash (MD5): 7585ab6695258185b4bd5565c7ad2171
2025-06-24 21:52:07,389 - INFO - Attempting to download: http://purl.obolibrary.org/obo/vo.owl
2025-06-24 21:52:08,768 - INFO - Successfully downloaded: vo.owl (37.8MB)
2025-06-24 21:52:08,857 - INFO - File hash (MD5): 139976d343dd22414b2f748155f371fe
2025-06-24 21:52:09,358 - INFO - Attempting to download: http://purl.obolibrary.org/obo/vt.owl
2025-06-24 21:52:10,103 - INFO - Successfully downloaded: vt.owl (5.3MB)
2025-06-24 21:52:10,141 - INFO - File hash (MD5): be4d600ee72b6fe788cdd8b338fdd4f6
2025-06-24 21:52:10,650 - INFO - Attempting to download: http://purl.obolibrary.org/obo/vto.owl
2025-06-24 21:52:32,918 - WARNING - File too large for Git (145.5MB > 100.0MB): vto.owl
2025-06-24 21:52:32,919 - INFO - Added vto.owl to .gitignore
2025-06-24 21:52:32,919 - INFO - Successfully downloaded: vto.owl (145.5MB)
2025-06-24 21:52:33,150 - INFO - File hash (MD5): 45719ac2b0dbf0984a2a6555a20547c7
2025-06-24 21:52:33,653 - INFO - Attempting to download: http://purl.obolibrary.org/obo/wbbt.owl
2025-06-24 21:52:34,192 - INFO - Successfully downloaded: wbbt.owl (8.9MB)
2025-06-24 21:52:34,229 - INFO - File hash (MD5): b38142d7e5f8e51b3286eab48a79d5fb
2025-06-24 21:52:34,735 - INFO - Attempting to download: http://purl.obolibrary.org/obo/wbls.owl
2025-06-24 21:52:34,973 - INFO - Successfully downloaded: wbls.owl (1.8MB)
2025-06-24 21:52:34,999 - INFO - File hash (MD5): 196c8d524cc0cbd3754ceea933d2962f
2025-06-24 21:52:35,506 - INFO - Attempting to download: http://purl.obolibrary.org/obo/wbphenotype.owl
2025-06-24 21:52:36,450 - INFO - Successfully downloaded: wbphenotype.owl (17.3MB)
2025-06-24 21:52:36,498 - INFO - File hash (MD5): d3272e5a5205ad093446975298a678f5
2025-06-24 21:52:37,004 - INFO - Attempting to download: http://purl.obolibrary.org/obo/xao.owl
2025-06-24 21:52:37,418 - INFO - Successfully downloaded: xao.owl (3.7MB)
2025-06-24 21:52:37,443 - INFO - File hash (MD5): 30590660633bfaedacee70b8bdf14fc7
2025-06-24 21:52:37,944 - INFO - Attempting to download: http://purl.obolibrary.org/obo/xco.owl
2025-06-24 21:52:38,600 - INFO - Successfully downloaded: xco.owl (3.8MB)
2025-06-24 21:52:38,638 - INFO - File hash (MD5): 65125fb533167445c93be427ba2194d6
2025-06-24 21:52:39,153 - INFO - Attempting to download: http://purl.obolibrary.org/obo/xlmod.owl
2025-06-24 21:52:39,570 - INFO - Successfully downloaded: xlmod.owl (2.3MB)
2025-06-24 21:52:39,602 - INFO - File hash (MD5): e4ecc1ccacda967a5436703320974963
2025-06-24 21:52:40,105 - INFO - Attempting to download: http://purl.obolibrary.org/obo/xpo.owl
2025-06-24 21:52:43,482 - INFO - Successfully downloaded: xpo.owl (92.1MB)
2025-06-24 21:52:43,649 - INFO - File hash (MD5): cddcbd5d15a93f602e4d5458db0ff11c
2025-06-24 21:52:44,161 - INFO - Attempting to download: http://purl.obolibrary.org/obo/zeco.owl
2025-06-24 21:52:44,374 - INFO - Successfully downloaded: zeco.owl (0.1MB)
2025-06-24 21:52:44,378 - INFO - File hash (MD5): 967d30201f9997bd872c91574133fb07
2025-06-24 21:52:44,889 - INFO - Attempting to download: http://purl.obolibrary.org/obo/zfa.owl
2025-06-24 21:52:45,390 - INFO - Successfully downloaded: zfa.owl (7.0MB)
2025-06-24 21:52:45,436 - INFO - File hash (MD5): 85f0e3c556882ed133ba9a64a5b7ab5a
2025-06-24 21:52:45,939 - INFO - Attempting to download: http://purl.obolibrary.org/obo/zfs.owl
2025-06-24 21:52:46,193 - INFO - Successfully downloaded: zfs.owl (0.1MB)
2025-06-24 21:52:46,196 - INFO - File hash (MD5): a88dedd8635bb1034da93d75bbdd87e0
2025-06-24 21:52:46,697 - INFO - Attempting to download: http://purl.obolibrary.org/obo/zp.owl
2025-06-24 21:52:51,933 - WARNING - File too large for Git (162.4MB > 100.0MB): zp.owl
2025-06-24 21:52:51,934 - INFO - Added zp.owl to .gitignore
2025-06-24 21:52:51,934 - INFO - Successfully downloaded: zp.owl (162.4MB)
2025-06-24 21:52:52,183 - INFO - File hash (MD5): 2231ebaa95becf8ff34a33c95a8d4350
2025-06-24 21:52:52,696 - INFO - Attempting to download: http://purl.obolibrary.org/obo/gsso.owl
2025-06-24 21:52:53,687 - INFO - Successfully downloaded: gsso.owl (20.2MB)
2025-06-24 21:52:53,751 - INFO - File hash (MD5): 443b35f49fc002ba205f49031a04a1c8
2025-06-24 21:52:54,264 - INFO - Attempting to download: http://purl.obolibrary.org/obo/hp.owl
2025-06-24 21:52:57,250 - INFO - Successfully downloaded: hp.owl (71.8MB)
2025-06-24 21:52:57,381 - INFO - File hash (MD5): a569ee894316738d033be013712a8f56
2025-06-24 21:52:57,885 - INFO - Attempting to download: http://purl.obolibrary.org/obo/kisao.owl
2025-06-24 21:52:58,178 - INFO - Successfully downloaded: kisao.owl (1.1MB)
2025-06-24 21:52:58,208 - INFO - File hash (MD5): 37a966eed1eda542cdf8df98fd850cc2
2025-06-24 21:52:58,718 - INFO - Attempting to download: http://purl.obolibrary.org/obo/sbo.owl
2025-06-24 21:52:58,958 - INFO - Successfully downloaded: sbo.owl (0.6MB)
2025-06-24 21:52:58,987 - INFO - File hash (MD5): af8224034238aba1be4ee361ff9ddefa
2025-06-24 21:52:59,488 - INFO - Attempting to download: http://purl.obolibrary.org/obo/scdo.owl
2025-06-24 21:52:59,912 - INFO - Successfully downloaded: scdo.owl (3.2MB)
2025-06-24 21:52:59,946 - INFO - File hash (MD5): 90809637cc07c0f7937375fd79812904
2025-06-24 21:53:00,459 - INFO - Attempting to download: http://purl.obolibrary.org/obo/fix.owl
2025-06-24 21:53:00,824 - INFO - Successfully downloaded: fix.owl (0.8MB)
2025-06-24 21:53:00,855 - INFO - File hash (MD5): e237a5f03e3a5ffd881f72fc12490199
2025-06-24 21:53:01,367 - INFO - Attempting to download: http://purl.obolibrary.org/obo/mamo.owl
2025-06-24 21:53:04,556 - INFO - Successfully downloaded: mamo.owl (0.2MB)
2025-06-24 21:53:04,560 - INFO - File hash (MD5): 3697ab49396a34769be0883f17c50a99
2025-06-24 21:53:05,067 - INFO - Attempting to download: http://purl.obolibrary.org/obo/rex.owl
2025-06-24 21:53:05,372 - INFO - Successfully downloaded: rex.owl (0.6MB)
2025-06-24 21:53:05,391 - INFO - File hash (MD5): 7bb85e3c19e558a08f323357d36f448b
2025-06-24 21:53:05,901 - INFO - Attempting to download: http://purl.obolibrary.org/obo/sibo.owl
2025-06-24 21:53:06,128 - INFO - Successfully downloaded: sibo.owl (0.5MB)
2025-06-24 21:53:06,154 - INFO - File hash (MD5): 43acf0584e784f5397373fd2fc83602c
2025-06-24 21:53:06,661 - INFO - Attempting to download: http://purl.obolibrary.org/obo/vario.owl
2025-06-24 21:53:27,814 - ERROR - Failed to download http://purl.obolibrary.org/obo/vario.owl: HTTPConnectionPool(host='www.variationontology.org', port=80): Max retries exceeded with url: /vario_download/vario.owl (Caused by ConnectTimeoutError(<urllib3.connection.HTTPConnection object at 0x0000012683158670>, 'Connection to www.variationontology.org timed out. (connect timeout=60)'))
2025-06-24 21:53:28,322 - INFO - Attempting to download: http://purl.obolibrary.org/obo/eupath.owl
2025-06-24 21:53:28,861 - INFO - Successfully downloaded: eupath.owl (5.2MB)
2025-06-24 21:53:28,895 - INFO - File hash (MD5): 2236f2639f45c7d3dabd63823436e888
2025-06-24 21:53:29,406 - INFO - Attempting to download: http://purl.obolibrary.org/obo/fbbi.owl
2025-06-24 21:53:29,651 - INFO - Successfully downloaded: fbbi.owl (0.7MB)
2025-06-24 21:53:29,680 - INFO - File hash (MD5): 96833ac3a6486216b9effcd0c5bc9d37
2025-06-24 21:53:30,189 - INFO - Attempting to download: http://purl.obolibrary.org/obo/mfmo.owl
2025-06-24 21:53:30,409 - INFO - Successfully downloaded: mfmo.owl (0.2MB)
2025-06-24 21:53:30,424 - INFO - File hash (MD5): e75de64ec253ad42783c05f39e83e029
2025-06-24 21:53:30,930 - INFO - Attempting to download: http://purl.obolibrary.org/obo/micro.owl
2025-06-24 21:53:31,461 - INFO - Successfully downloaded: micro.owl (9.8MB)
2025-06-24 21:53:31,494 - INFO - File hash (MD5): db28fb7fa8eecd4859bb3643b31ecf53
2025-06-24 21:53:32,005 - INFO - Attempting to download: http://purl.obolibrary.org/obo/ogsf.owl
2025-06-24 21:53:32,290 - INFO - Successfully downloaded: ogsf.owl (0.5MB)
2025-06-24 21:53:32,311 - INFO - File hash (MD5): 2f9daddd57d4fdb023da27dd2ae797e7
2025-06-24 21:53:32,811 - INFO - Attempting to download: http://purl.obolibrary.org/obo/olatdv.owl
2025-06-24 21:53:33,047 - INFO - Successfully downloaded: olatdv.owl (0.1MB)
2025-06-24 21:53:33,061 - INFO - File hash (MD5): 657818e6ecc4cfd70d3f04f6cb8ec788
2025-06-24 21:53:33,574 - INFO - Attempting to download: http://purl.obolibrary.org/obo/pdumdv.owl
2025-06-24 21:53:33,769 - INFO - Successfully downloaded: pdumdv.owl (0.1MB)
2025-06-24 21:53:33,774 - INFO - File hash (MD5): 2418dd126798c6d3932854028e676afa
2025-06-24 21:53:34,286 - INFO - Attempting to download: http://purl.obolibrary.org/obo/aeo.owl
2025-06-24 21:53:34,604 - INFO - Successfully downloaded: aeo.owl (0.4MB)
2025-06-24 21:53:34,634 - INFO - File hash (MD5): e70b065253604829b4986a83087a3b1c
2025-06-24 21:53:35,145 - INFO - Attempting to download: http://purl.obolibrary.org/obo/ceph.owl
2025-06-24 21:53:35,353 - INFO - Successfully downloaded: ceph.owl (0.6MB)
2025-06-24 21:53:35,370 - INFO - File hash (MD5): 182b017ab445aafbc1d732b8690fb566
2025-06-24 21:53:35,882 - INFO - Attempting to download: http://purl.obolibrary.org/obo/ehdaa2.owl
2025-06-24 21:53:36,246 - INFO - Successfully downloaded: ehdaa2.owl (4.8MB)
2025-06-24 21:53:36,280 - INFO - File hash (MD5): 5e116ce6bac13c46b11b1fa36e0a089f
2025-06-24 21:53:36,788 - INFO - Attempting to download: http://purl.obolibrary.org/obo/fma.owl
2025-06-24 21:53:38,883 - INFO - Successfully downloaded: fma.owl (63.3MB)
2025-06-24 21:53:39,003 - INFO - File hash (MD5): 0ffa47fce111b6b02a357a1aa59e6539
2025-06-24 21:53:39,512 - INFO - Attempting to download: http://purl.obolibrary.org/obo/gaz.owl
2025-06-24 21:53:56,473 - WARNING - File too large for Git (590.8MB > 100.0MB): gaz.owl
2025-06-24 21:53:56,475 - INFO - Added gaz.owl to .gitignore
2025-06-24 21:53:56,475 - INFO - Successfully downloaded: gaz.owl (590.8MB)
2025-06-24 21:53:57,346 - INFO - File hash (MD5): ed296636f52c249ec2460e63ddde0b04
2025-06-24 21:53:57,857 - INFO - Attempting to download: http://purl.obolibrary.org/obo/idomal.owl
2025-06-24 21:53:58,292 - INFO - Successfully downloaded: idomal.owl (5.5MB)
2025-06-24 21:53:58,346 - INFO - File hash (MD5): 33f8a68a6e25a61e1114ae8f364ba3ca
2025-06-24 21:53:58,848 - INFO - Attempting to download: http://purl.obolibrary.org/obo/miro.owl
2025-06-24 21:53:59,275 - INFO - Successfully downloaded: miro.owl (7.0MB)
2025-06-24 21:53:59,317 - INFO - File hash (MD5): 15cc68eea5b37b8300b21105f2a2c9f1
2025-06-24 21:53:59,819 - INFO - Attempting to download: http://purl.obolibrary.org/obo/rnao.owl
2025-06-24 21:54:00,128 - INFO - Successfully downloaded: rnao.owl (0.8MB)
2025-06-24 21:54:00,149 - INFO - File hash (MD5): dc47c6bf461c7ed98aa09aeb8acb4e9b
2025-06-24 21:54:00,654 - INFO - Attempting to download: http://purl.obolibrary.org/obo/tads.owl
2025-06-24 21:54:00,911 - INFO - Successfully downloaded: tads.owl (1.3MB)
2025-06-24 21:54:00,935 - INFO - File hash (MD5): 6b45e10f03db05fcbcce9c0b0ca8d1c9
2025-06-24 21:54:01,447 - INFO - Attempting to download: http://purl.obolibrary.org/obo/tgma.owl
2025-06-24 21:54:01,866 - INFO - Successfully downloaded: tgma.owl (6.7MB)
2025-06-24 21:54:01,899 - INFO - File hash (MD5): 7d1320828369919b51c6d7704f430f82
2025-06-24 21:54:02,406 - INFO - Attempting to download: http://purl.obolibrary.org/obo/upa.owl
2025-06-24 21:54:03,115 - INFO - Successfully downloaded: upa.owl (18.5MB)
2025-06-24 21:54:03,181 - INFO - File hash (MD5): 9d00189a3b95dc7b241778c6f5f1150f
2025-06-24 21:54:03,685 - INFO - Attempting to download: http://purl.obolibrary.org/obo/aao.owl
2025-06-24 21:54:05,965 - ERROR - Failed to download http://purl.obolibrary.org/obo/aao.owl: 404 Client Error: Not Found for url: http://www.berkeleybop.org/ontologies/aao.owl
2025-06-24 21:54:06,481 - INFO - Attempting to download: http://purl.obolibrary.org/obo/adw.owl
2025-06-24 21:54:09,089 - ERROR - Failed to download http://purl.obolibrary.org/obo/adw.owl: 404 Client Error: Not Found for url: http://www.berkeleybop.org/ontologies/adw.owl
2025-06-24 21:54:09,592 - INFO - Attempting to download: http://purl.obolibrary.org/obo/aero.owl
2025-06-24 21:54:09,800 - INFO - Successfully downloaded: aero.owl (0.3MB)
2025-06-24 21:54:09,814 - INFO - File hash (MD5): 365cbae2df2b26a6051464f2d10ee046
2025-06-24 21:54:10,328 - INFO - Attempting to download: http://purl.obolibrary.org/obo/ato.owl
2025-06-24 21:54:10,555 - ERROR - Failed to download http://purl.obolibrary.org/obo/ato.owl: 404 Client Error: Not Found for url: http://ontologies.berkeleybop.org/ato.owl
2025-06-24 21:54:11,061 - INFO - Attempting to download: http://purl.obolibrary.org/obo/bcgo.owl
2025-06-24 21:54:11,492 - INFO - Successfully downloaded: bcgo.owl (3.1MB)
2025-06-24 21:54:11,535 - INFO - File hash (MD5): 98f009c856256cc020120c8bf07b3ff8
2025-06-24 21:54:12,041 - INFO - Attempting to download: http://purl.obolibrary.org/obo/bila.owl
2025-06-24 21:54:12,336 - INFO - Successfully downloaded: bila.owl (0.1MB)
2025-06-24 21:54:12,345 - INFO - File hash (MD5): 11d5cb11cb1378662eec94a569944379
2025-06-24 21:54:12,858 - INFO - Attempting to download: http://purl.obolibrary.org/obo/bootstrep.owl
2025-06-24 21:54:15,006 - ERROR - Failed to download http://purl.obolibrary.org/obo/bootstrep.owl: 404 Client Error: Not Found for url: http://www.berkeleybop.org/ontologies/bootstrep.owl
2025-06-24 21:54:15,519 - INFO - Attempting to download: http://purl.obolibrary.org/obo/cmf.owl
2025-06-24 21:54:17,590 - ERROR - Failed to download http://purl.obolibrary.org/obo/cmf.owl: 404 Client Error: Not Found for url: http://www.berkeleybop.org/ontologies/cmf.owl
2025-06-24 21:54:18,105 - INFO - Attempting to download: http://purl.obolibrary.org/obo/dc_cl.owl
2025-06-24 21:54:20,335 - ERROR - Failed to download http://purl.obolibrary.org/obo/dc_cl.owl: 404 Client Error: Not Found for url: http://www.berkeleybop.org/ontologies/dc_cl.owl
2025-06-24 21:54:20,847 - INFO - Attempting to download: http://purl.obolibrary.org/obo/dinto.owl
2025-06-24 21:54:23,440 - INFO - Successfully downloaded: dinto.owl (0.2MB)
2025-06-24 21:54:23,462 - INFO - File hash (MD5): 9d5c8b0c808c96bd5a79303ac3967ebe
2025-06-24 21:54:23,971 - INFO - Attempting to download: http://purl.obolibrary.org/obo/ehda.owl
2025-06-24 21:54:24,123 - ERROR - Failed to download http://purl.obolibrary.org/obo/ehda.owl: 404 Client Error: Not Found for url: http://ontologies.berkeleybop.org/ehda.owl
2025-06-24 21:54:24,634 - INFO - Attempting to download: http://purl.obolibrary.org/obo/ehdaa.owl
2025-06-24 21:54:24,764 - ERROR - Failed to download http://purl.obolibrary.org/obo/ehdaa.owl: 404 Client Error: Not Found for url: http://ontologies.berkeleybop.org/ehdaa.owl
2025-06-24 21:54:25,277 - INFO - Attempting to download: http://purl.obolibrary.org/obo/emap.owl
2025-06-24 21:54:25,872 - INFO - Successfully downloaded: emap.owl (15.4MB)
2025-06-24 21:54:25,923 - INFO - File hash (MD5): 8b1eb527ae8f4874d5635a1c80d64d51
2025-06-24 21:54:26,437 - INFO - Attempting to download: http://purl.obolibrary.org/obo/eo.owl
2025-06-24 21:54:26,745 - ERROR - Failed to download http://purl.obolibrary.org/obo/eo.owl: 404 Client Error: Not Found for url: https://raw.githubusercontent.com/Planteome/plant-environment-ontology/master/plant-environment-ontology.obo.owl
2025-06-24 21:54:27,256 - INFO - Attempting to download: http://purl.obolibrary.org/obo/epo.owl
2025-06-24 21:54:29,419 - ERROR - Failed to download http://purl.obolibrary.org/obo/epo.owl: 404 Client Error: Not Found for url: https://epidemiology-ontology.googlecode.com/files/epidemiology_ontology.owl
2025-06-24 21:54:29,927 - INFO - Attempting to download: http://purl.obolibrary.org/obo/ero.owl
2025-06-24 21:54:30,147 - ERROR - Failed to download http://purl.obolibrary.org/obo/ero.owl: 403 Client Error: Forbidden for url: https://www.eagle-i.net/ero/latest/ero.owl
2025-06-24 21:54:30,663 - INFO - Attempting to download: http://purl.obolibrary.org/obo/ev.owl
2025-06-24 21:54:32,679 - ERROR - Failed to download http://purl.obolibrary.org/obo/ev.owl: 404 Client Error: Not Found for url: http://www.berkeleybop.org/ontologies/ev.owl
2025-06-24 21:54:33,183 - INFO - Attempting to download: http://purl.obolibrary.org/obo/fbsp.owl
2025-06-24 21:54:33,505 - INFO - Successfully downloaded: fbsp.owl (4.8MB)
2025-06-24 21:54:33,540 - INFO - File hash (MD5): 33b8f8794b07ee4f77ecf2ae084a108d
2025-06-24 21:54:34,046 - INFO - Attempting to download: http://purl.obolibrary.org/obo/flu.owl
2025-06-24 21:54:34,815 - INFO - Successfully downloaded: flu.owl (0.1MB)
2025-06-24 21:54:34,822 - INFO - File hash (MD5): e55f69c86e09a137549575a24c151b81
2025-06-24 21:54:35,327 - INFO - Attempting to download: http://purl.obolibrary.org/obo/gro.owl
2025-06-24 21:54:37,399 - ERROR - Failed to download http://purl.obolibrary.org/obo/gro.owl: 404 Client Error: Not Found for url: http://www.berkeleybop.org/ontologies/gro.owl
2025-06-24 21:54:37,909 - INFO - Attempting to download: http://purl.obolibrary.org/obo/habronattus.owl
2025-06-24 21:54:42,665 - ERROR - Failed to download http://purl.obolibrary.org/obo/habronattus.owl: 404 Client Error: Not Found for url: http://www.berkeleybop.org/ontologies/habronattus.owl
2025-06-24 21:54:43,174 - INFO - Attempting to download: http://purl.obolibrary.org/obo/iev.owl
2025-06-24 21:54:43,505 - INFO - Successfully downloaded: iev.owl (5.0MB)
2025-06-24 21:54:43,551 - INFO - File hash (MD5): 15ee86b4e96e18ae80fa7ce575583526
2025-06-24 21:54:44,065 - INFO - Attempting to download: http://purl.obolibrary.org/obo/imr.owl
2025-06-24 21:54:45,366 - INFO - Successfully downloaded: imr.owl (42.0MB)
2025-06-24 21:54:45,458 - INFO - File hash (MD5): 19571c320aed721989e21d7b9b0c1070
2025-06-24 21:54:45,961 - INFO - Attempting to download: http://purl.obolibrary.org/obo/ipr.owl
2025-06-24 21:54:47,923 - ERROR - Failed to download http://purl.obolibrary.org/obo/ipr.owl: 404 Client Error: Not Found for url: http://www.berkeleybop.org/ontologies/ipr.owl
2025-06-24 21:54:48,435 - INFO - Attempting to download: http://purl.obolibrary.org/obo/lipro.owl
2025-06-24 21:54:50,600 - ERROR - Failed to download http://purl.obolibrary.org/obo/lipro.owl: 404 Client Error: Not Found for url: http://www.berkeleybop.org/ontologies/lipro.owl
2025-06-24 21:54:51,110 - INFO - Attempting to download: http://purl.obolibrary.org/obo/loggerhead.owl
2025-06-24 21:54:53,307 - ERROR - Failed to download http://purl.obolibrary.org/obo/loggerhead.owl: 404 Client Error: Not Found for url: http://www.berkeleybop.org/ontologies/loggerhead.owl
2025-06-24 21:54:53,815 - INFO - Attempting to download: http://purl.obolibrary.org/obo/mao.owl
2025-06-24 21:54:55,869 - ERROR - Failed to download http://purl.obolibrary.org/obo/mao.owl: 404 Client Error: Not Found for url: http://www.berkeleybop.org/ontologies/mao.owl
2025-06-24 21:54:56,376 - INFO - Attempting to download: http://purl.obolibrary.org/obo/mat.owl
2025-06-24 21:54:56,504 - ERROR - Failed to download http://purl.obolibrary.org/obo/mat.owl: 404 Client Error: Not Found for url: http://ontologies.berkeleybop.org/mat.owl
2025-06-24 21:54:57,010 - INFO - Attempting to download: http://purl.obolibrary.org/obo/mfo.owl
2025-06-24 21:54:59,661 - INFO - Successfully downloaded: mfo.owl (0.8MB)
2025-06-24 21:54:59,682 - INFO - File hash (MD5): d87059ba8a2ba6067114a581e857b167
2025-06-24 21:55:00,193 - INFO - Attempting to download: http://purl.obolibrary.org/obo/mirnao.owl
2025-06-24 21:55:00,454 - ERROR - Failed to download http://purl.obolibrary.org/obo/mirnao.owl: 404 Client Error: Not Found for url: http://mirna-ontology.googlecode.com/svn/trunk/src/ontology/mirnao.owl
2025-06-24 21:55:00,958 - INFO - Attempting to download: http://purl.obolibrary.org/obo/mo.owl
2025-06-24 21:55:03,140 - ERROR - Failed to download http://purl.obolibrary.org/obo/mo.owl: 404 Client Error: Not Found for url: http://www.berkeleybop.org/ontologies/mo.owl
2025-06-24 21:55:03,656 - INFO - Attempting to download: http://purl.obolibrary.org/obo/nif_cell.owl
2025-06-24 21:55:06,510 - ERROR - Failed to download http://purl.obolibrary.org/obo/nif_cell.owl: 404 Client Error: Not Found for url: http://www.berkeleybop.org/ontologies/nif_cell.owl
2025-06-24 21:55:07,024 - INFO - Attempting to download: http://purl.obolibrary.org/obo/nif_dysfunction.owl
2025-06-24 21:55:09,778 - ERROR - Failed to download http://purl.obolibrary.org/obo/nif_dysfunction.owl: 404 Client Error: Not Found for url: http://www.berkeleybop.org/ontologies/nif_dysfunction.owl
2025-06-24 21:55:10,293 - INFO - Attempting to download: http://purl.obolibrary.org/obo/nif_grossanatomy.owl
2025-06-24 21:55:12,321 - ERROR - Failed to download http://purl.obolibrary.org/obo/nif_grossanatomy.owl: 404 Client Error: Not Found for url: http://www.berkeleybop.org/ontologies/nif_grossanatomy.owl
2025-06-24 21:55:12,822 - INFO - Attempting to download: http://purl.obolibrary.org/obo/nmr.owl
2025-06-24 21:55:15,276 - ERROR - Failed to download http://purl.obolibrary.org/obo/nmr.owl: 404 Client Error: Not Found for url: http://www.berkeleybop.org/ontologies/nmr.owl
2025-06-24 21:55:15,793 - INFO - Attempting to download: http://purl.obolibrary.org/obo/obo_rel.owl
2025-06-24 21:55:20,081 - ERROR - Failed to download http://purl.obolibrary.org/obo/obo_rel.owl: 404 Client Error: Not Found for url: http://www.berkeleybop.org/ontologies/obo_rel.owl
2025-06-24 21:55:20,587 - INFO - Attempting to download: http://purl.obolibrary.org/obo/ogi.owl
2025-06-24 21:55:20,910 - ERROR - Failed to download http://purl.obolibrary.org/obo/ogi.owl: 404 Client Error: Not Found for url: https://ontology-for-genetic-interval.googlecode.com/svn/trunk/src/OGI.owl
2025-06-24 21:55:21,420 - INFO - Attempting to download: http://purl.obolibrary.org/obo/omiabis.owl
2025-06-24 21:55:21,744 - INFO - Successfully downloaded: omiabis.owl (0.9MB)
2025-06-24 21:55:21,770 - INFO - File hash (MD5): 6458e451e13d1280168f4a0ce627d262
2025-06-24 21:55:22,274 - INFO - Attempting to download: http://purl.obolibrary.org/obo/pao.owl
2025-06-24 21:55:24,364 - ERROR - Failed to download http://purl.obolibrary.org/obo/pao.owl: 404 Client Error: Not Found for url: http://www.berkeleybop.org/ontologies/pao.owl
2025-06-24 21:55:24,870 - INFO - Attempting to download: http://purl.obolibrary.org/obo/pd_st.owl
2025-06-24 21:55:27,022 - ERROR - Failed to download http://purl.obolibrary.org/obo/pd_st.owl: 404 Client Error: Not Found for url: http://www.berkeleybop.org/ontologies/pd_st.owl
2025-06-24 21:55:27,532 - INFO - Attempting to download: http://purl.obolibrary.org/obo/pgdso.owl
2025-06-24 21:55:29,456 - ERROR - Failed to download http://purl.obolibrary.org/obo/pgdso.owl: 404 Client Error: Not Found for url: http://www.berkeleybop.org/ontologies/pgdso.owl
2025-06-24 21:55:29,960 - INFO - Attempting to download: http://purl.obolibrary.org/obo/plo.owl
2025-06-24 21:55:33,732 - ERROR - Failed to download http://purl.obolibrary.org/obo/plo.owl: 404 Client Error: Not Found for url: http://www.berkeleybop.org/ontologies/plo.owl
2025-06-24 21:55:34,234 - INFO - Attempting to download: http://purl.obolibrary.org/obo/propreo.owl
2025-06-24 21:55:36,285 - ERROR - Failed to download http://purl.obolibrary.org/obo/propreo.owl: 404 Client Error: Not Found for url: http://www.berkeleybop.org/ontologies/propreo.owl
2025-06-24 21:55:36,790 - INFO - Attempting to download: http://purl.obolibrary.org/obo/resid.owl
2025-06-24 21:55:38,929 - ERROR - Failed to download http://purl.obolibrary.org/obo/resid.owl: 404 Client Error: Not Found for url: http://www.berkeleybop.org/ontologies/resid.owl
2025-06-24 21:55:39,438 - INFO - Attempting to download: http://purl.obolibrary.org/obo/sao.owl
2025-06-24 21:55:42,372 - ERROR - Failed to download http://purl.obolibrary.org/obo/sao.owl: 404 Client Error: Not Found for url: http://www.berkeleybop.org/ontologies/sao.owl
2025-06-24 21:55:42,884 - INFO - Attempting to download: http://purl.obolibrary.org/obo/sep.owl
2025-06-24 21:55:43,037 - ERROR - Failed to download http://purl.obolibrary.org/obo/sep.owl: 404 Client Error: Not Found for url: http://ontologies.berkeleybop.org/sep.owl
2025-06-24 21:55:43,545 - INFO - Attempting to download: http://purl.obolibrary.org/obo/sopharm.owl
2025-06-24 21:55:46,377 - ERROR - Failed to download http://purl.obolibrary.org/obo/sopharm.owl: 404 Client Error: Not Found for url: http://www.berkeleybop.org/ontologies/sopharm.owl
2025-06-24 21:55:46,879 - INFO - Attempting to download: http://purl.obolibrary.org/obo/tahe.owl
2025-06-24 21:55:49,047 - ERROR - Failed to download http://purl.obolibrary.org/obo/tahe.owl: 404 Client Error: Not Found for url: http://www.berkeleybop.org/ontologies/tahe.owl
2025-06-24 21:55:49,551 - INFO - Attempting to download: http://purl.obolibrary.org/obo/tahh.owl
2025-06-24 21:55:52,122 - ERROR - Failed to download http://purl.obolibrary.org/obo/tahh.owl: 404 Client Error: Not Found for url: http://www.berkeleybop.org/ontologies/tahh.owl
2025-06-24 21:55:52,624 - INFO - Attempting to download: http://purl.obolibrary.org/obo/tao.owl
2025-06-24 21:55:54,006 - INFO - Successfully downloaded: tao.owl (4.8MB)
2025-06-24 21:55:54,041 - INFO - File hash (MD5): 9fe6355a0ffae77bf63232ab1adb626e
2025-06-24 21:55:54,543 - INFO - Attempting to download: http://purl.obolibrary.org/obo/vhog.owl
2025-06-24 21:55:54,665 - ERROR - Failed to download http://purl.obolibrary.org/obo/vhog.owl: 404 Client Error: Not Found for url: http://ontologies.berkeleybop.org/vhog.owl
2025-06-24 21:55:55,177 - INFO - Attempting to download: http://purl.obolibrary.org/obo/vsao.owl
2025-06-24 21:55:55,869 - INFO - Successfully downloaded: vsao.owl (0.6MB)
2025-06-24 21:55:55,888 - INFO - File hash (MD5): 9ad1fbd135d7a7f4e6fadffa88e6de4f
2025-06-24 21:55:56,396 - INFO - Attempting to download: http://purl.obolibrary.org/obo/ypo.owl
2025-06-24 21:56:00,831 - ERROR - Failed to download http://purl.obolibrary.org/obo/ypo.owl: 404 Client Error: Not Found for url: http://www.berkeleybop.org/ontologies/ypo.owl
2025-06-24 21:56:01,332 - INFO - Attempting to download: http://purl.obolibrary.org/obo/zea.owl
2025-06-24 21:56:03,641 - ERROR - Failed to download http://purl.obolibrary.org/obo/zea.owl: 404 Client Error: Not Found for url: http://www.berkeleybop.org/ontologies/zea.owl
2025-06-24 21:56:04,143 - INFO - Attempting to download: https://lov.linkeddata.es/dataset/lov/vocabs?tag=RDF
2025-06-24 21:56:05,766 - INFO - Successfully downloaded: lov.linkeddata.es_20250624_215604 (0.0MB)
2025-06-24 21:56:05,773 - INFO - File hash (MD5): 314abdb21c1d37a19098165fdce6bbfa
2025-06-24 21:56:06,280 - INFO - Attempting to download: https://lov.linkeddata.es/dataset/lov/vocabs/aeros
2025-06-24 21:56:07,067 - INFO - Successfully downloaded: lov.linkeddata.es_20250624_215606 (0.0MB)
2025-06-24 21:56:07,070 - INFO - File hash (MD5): ea573eadfe008caa8ea9c18b42d5837e
2025-06-24 21:56:07,571 - INFO - Attempting to download: https://lov.linkeddata.es/dataset/lov/vocabs/aerdcat
2025-06-24 21:56:08,423 - INFO - Successfully downloaded: lov.linkeddata.es_20250624_215607 (0.0MB)
2025-06-24 21:56:08,434 - INFO - File hash (MD5): 27f4e643a8c6761d11d9a37b26f7f896
2025-06-24 21:56:08,945 - INFO - Attempting to download: https://lov.linkeddata.es/dataset/lov/vocabs/a4bdg
2025-06-24 21:56:09,778 - INFO - Successfully downloaded: lov.linkeddata.es_20250624_215608 (0.0MB)
2025-06-24 21:56:09,780 - INFO - File hash (MD5): 3445d05f9658562c1e61f195803dbe60
2025-06-24 21:56:10,283 - INFO - Attempting to download: https://lov.linkeddata.es/dataset/lov/vocabs/tido
2025-06-24 21:56:13,705 - INFO - Successfully downloaded: lov.linkeddata.es_20250624_215610 (0.0MB)
2025-06-24 21:56:13,714 - INFO - File hash (MD5): 477a7c7dc1c82b549bbeae93b465c7a3
2025-06-24 21:56:14,220 - INFO - Attempting to download: https://lov.linkeddata.es/dataset/lov/vocabs/dsv
2025-06-24 21:56:18,060 - INFO - Successfully downloaded: lov.linkeddata.es_20250624_215614 (0.0MB)
2025-06-24 21:56:18,066 - INFO - File hash (MD5): 59181425c11f300ac65838bcf751b5a8
2025-06-24 21:56:18,579 - INFO - Attempting to download: https://lov.linkeddata.es/dataset/lov/vocabs/psn
2025-06-24 21:56:22,845 - INFO - Successfully downloaded: lov.linkeddata.es_20250624_215618 (0.0MB)
2025-06-24 21:56:22,848 - INFO - File hash (MD5): cdc631363690427fd36c73d8bfac218d
2025-06-24 21:56:23,353 - INFO - Attempting to download: http://www.oeg-upm.net/
2025-06-24 21:56:23,727 - INFO - Successfully downloaded: oeg-upm.net_20250624_215623 (0.1MB)
2025-06-24 21:56:23,741 - INFO - File hash (MD5): 93b6f0e59a830b81a9a546eaf99741bc
2025-06-24 21:56:24,243 - INFO - Download summary: 233 successful, 45 failed
2025-06-24 21:56:24,244 - INFO - Git summary: 216 files for Git, 17 large files excluded
2025-06-24 21:57:46,189 - INFO - Successfully pushed changes to git
2025-06-24 21:57:46,190 - INFO - Large files (17) stored locally only
